<?xml version="1.0" encoding="UTF-8"?>
<testng-results ignored="0" total="1" passed="0" failed="1" skipped="0">
  <reporter-output>
  </reporter-output>
  <suite started-at="2025-07-26T15:03:18 IST" name="MySuite" finished-at="2025-07-26T15:05:04 IST" duration-ms="106710">
    <groups>
      <group name="cucumber">
        <method signature="AbstractTestNGCucumberTests.runScenario(io.cucumber.testng.PickleWrapper,io.cucumber.testng.FeatureWrapper)[pri:0, instance:runners.Runner_Class@5d1659ea]" name="runScenario" class="io.cucumber.testng.AbstractTestNGCucumberTests"/>
      </group> <!-- cucumber -->
    </groups>
    <test started-at="2025-07-26T15:03:18 IST" name="MyTests" finished-at="2025-07-26T15:05:04 IST" duration-ms="106710">
      <class name="runners.Runner_Class">
        <test-method is-config="true" signature="setUpClass(org.testng.ITestContext)[pri:0, instance:runners.Runner_Class@5d1659ea]" started-at="2025-07-26T15:03:18 IST" name="setUpClass" finished-at="2025-07-26T15:03:23 IST" duration-ms="4961" status="PASS">
          <params>
            <param index="0">
              <value>
                <![CDATA[org.testng.TestRunner@11dbcb3b]]>
              </value>
            </param>
          </params>
          <reporter-output>
          </reporter-output>
        </test-method> <!-- setUpClass -->
        <test-method signature="runScenario(io.cucumber.testng.PickleWrapper,io.cucumber.testng.FeatureWrapper)[pri:0, instance:runners.Runner_Class@5d1659ea]" started-at="2025-07-26T15:03:23 IST" name="runScenario" description="Runs Cucumber Scenarios" data-provider="scenarios" finished-at="2025-07-26T15:04:46 IST" duration-ms="83560" status="FAIL">
          <params>
            <param index="0">
              <value>
                <![CDATA["verify login with a valid credentials"]]>
              </value>
            </param>
            <param index="1">
              <value>
                <![CDATA["login page"]]>
              </value>
            </param>
          </params>
          <exception class="java.lang.AssertionError">
            <message>
              <![CDATA[Username field not found due to incorrect XPath.]]>
            </message>
            <full-stacktrace>
              <![CDATA[java.lang.AssertionError: Username field not found due to incorrect XPath.
at org.testng.Assert.fail(Assert.java:111)
at page_actions.LoginPage.entreusername(LoginPage.java:19)
at StepDefinition.LoginPageDefinitions.user_entre_the_valid_username_and_password(LoginPageDefinitions.java:43)
at âœ½.user entre the valid username and password(file:///C:/Users/DELL/Downloads/Orange_Poratel/./src/test/resources/feature_files/login%20page.feature:10)
]]>
            </full-stacktrace>
          </exception> <!-- java.lang.AssertionError -->
          <reporter-output>
          </reporter-output>
        </test-method> <!-- runScenario -->
        <test-method is-config="true" signature="tearDownClass()[pri:0, instance:runners.Runner_Class@5d1659ea]" started-at="2025-07-26T15:04:46 IST" name="tearDownClass" finished-at="2025-07-26T15:05:04 IST" duration-ms="17980" status="PASS">
          <reporter-output>
          </reporter-output>
        </test-method> <!-- tearDownClass -->
      </class> <!-- runners.Runner_Class -->
    </test> <!-- MyTests -->
  </suite> <!-- MySuite -->
</testng-results>
